<?xml version="1.0" encoding="UTF-8"?>
<!-- Generated by org.testng.reporters.JUnitXMLReporter -->
<testsuite hostname="PC143191" name="VerifyTOCContentP" tests="1" failures="1" timestamp="18 Jul 2016 15:20:38 GMT" time="133.007" errors="0">
  <testcase name="testContentQAPOC" time="125.395" classname="com.mop.qa.test.bvt.VerifyTOCContentP">
    <failure type="junit.framework.AssertionFailedError" message="Verify the each TOC renders within 1 second">
      <![CDATA[junit.framework.AssertionFailedError: Verify the each TOC renders within 1 second
	at com.mop.qa.Utilities.ReportGenerator.failTestCase(ReportGenerator.java:244)
	at com.mop.qa.testbase.PageBase.assertTrue(PageBase.java:1776)
	at com.mop.qa.pageobject.StudentEBookPage.verifyRendersTimeForTOCItems(StudentEBookPage.java:328)
	at com.mop.qa.test.bvt.VerifyTOCContentP.testContentQAPOC(VerifyTOCContentP.java:38)
	at com.mop.qa.testrunner.TestRunner.test(TestRunner.java:86)
... Removed 49 stack frames]]>
    </failure>
  </testcase> <!-- testContentQAPOC -->
</testsuite> <!-- VerifyTOCContentP -->
