<?xml version="1.0" encoding="UTF-8"?>
<!-- Generated by org.testng.reporters.JUnitXMLReporter -->
<testsuite hostname="PC291939" name="testScience" tests="2" failures="1" timestamp="24 Mar 2016 10:12:38 GMT" time="14.255" errors="0">
  <testcase name="testScience" time="6.765" classname="com.mop.qa.test.bvt.Test_NBCTech">
    <failure type="junit.framework.AssertionFailedError" message="Not eqal">
      <![CDATA[junit.framework.AssertionFailedError: Not eqal
	at com.mop.qa.Utilities.ReportGenerator.failTestCase(ReportGenerator.java:201)
	at com.mop.qa.testbase.PageBase_Appium.verifyText(PageBase_Appium.java:921)
	at com.mop.qa.pageobject.NBCNews_Desktop.validateScience(NBCNews_Desktop.java:114)
	at com.mop.qa.test.bvt.Test_NBCTech.testScience(Test_NBCTech.java:23)
	at com.mop.qa.test.bvt.TestRunner.testRunner(TestRunner.java:97)
... Removed 49 stack frames]]>
    </failure>
  </testcase> <!-- testScience -->
  <testcase name="testTech" time="7.487" classname="com.mop.qa.test.bvt.Test_NBCTech"/>
</testsuite> <!-- testScience -->
