<?xml version="1.0" encoding="UTF-8"?>
<!-- Generated by org.testng.reporters.JUnitXMLReporter -->
<testsuite hostname="PC143191" name="ValidatePDFContent" tests="1" failures="1" timestamp="18 Jul 2016 15:18:25 GMT" time="93.527" errors="0">
  <testcase name="testPDF" time="85.431" classname="com.mop.qa.test.bvt.ValidatePDFContent">
    <failure type="junit.framework.AssertionFailedError" message="PDF font face IndustriaLTStd-Solid has not matched with UI font face &amp;quot;Industria W01 Solid&amp;quot;">
      <![CDATA[junit.framework.AssertionFailedError: PDF font face IndustriaLTStd-Solid has not matched with UI font face "Industria W01 Solid"
	at com.mop.qa.Utilities.ReportGenerator.failTestCase(ReportGenerator.java:244)
	at com.mop.qa.testbase.PageBase.assertTrue(PageBase.java:1776)
	at com.mop.qa.pageobject.PDFExtractor.compareContent(PDFExtractor.java:235)
	at com.mop.qa.test.bvt.ValidatePDFContent.testPDF(ValidatePDFContent.java:63)
	at com.mop.qa.testrunner.TestRunner.test(TestRunner.java:86)
... Removed 49 stack frames]]>
    </failure>
  </testcase> <!-- testPDF -->
</testsuite> <!-- ValidatePDFContent -->
