<?xml version="1.0" encoding="UTF-8"?>
<!-- Generated by org.testng.reporters.JUnitXMLReporter -->
<testsuite hostname="PC143191" name="VerifyTeacherStandardsF" tests="1" failures="1" timestamp="18 Jul 2016 15:16:52 GMT" time="98.001" errors="0">
  <testcase name="testContentQAPOC" time="90.326" classname="com.mop.qa.test.bvt.VerifyTeacherStandardsF">
    <failure type="junit.framework.AssertionFailedError" message="Verification of Standards through Teacher Edition TESTF">
      <![CDATA[junit.framework.AssertionFailedError: Verification of Standards through Teacher Edition TESTF
	at com.mop.qa.Utilities.ReportGenerator.failTestCase(ReportGenerator.java:244)
	at com.mop.qa.testbase.PageBase.assertTrue(PageBase.java:1776)
	at com.mop.qa.pageobject.TeacherEBookPage.verifyStandardsAreDisp(TeacherEBookPage.java:221)
	at com.mop.qa.test.bvt.VerifyTeacherStandardsF.testContentQAPOC(VerifyTeacherStandardsF.java:45)
	at com.mop.qa.testrunner.TestRunner.test(TestRunner.java:86)
... Removed 49 stack frames]]>
    </failure>
  </testcase> <!-- testContentQAPOC -->
</testsuite> <!-- VerifyTeacherStandardsF -->
