<?xml version="1.0" encoding="UTF-8"?>
<testng-results skipped="0" failed="0" total="1" passed="1">
  <reporter-output>
  </reporter-output>
  <suite name="Default suite" duration-ms="49770" started-at="2017-12-25T05:15:25Z" finished-at="2017-12-25T05:16:15Z">
    <groups>
    </groups>
    <test name="Default test" duration-ms="49770" started-at="2017-12-25T05:15:25Z" finished-at="2017-12-25T05:16:15Z">
      <class name="com.mop.qa.testrunner.TestRunner">
        <test-method status="PASS" signature="test()[pri:0, instance:com.mop.qa.testrunner.TestRunner@731a74c]" name="test" duration-ms="49756" started-at="2017-12-24T21:15:25Z" finished-at="2017-12-24T21:16:15Z">
          <reporter-output>
          </reporter-output>
        </test-method> <!-- test -->
      </class> <!-- com.mop.qa.testrunner.TestRunner -->
    </test> <!-- Default test -->
  </suite> <!-- Default suite -->
</testng-results>
