<?xml version="1.0" encoding="UTF-8"?>
<!-- Generated by org.testng.reporters.JUnitXMLReporter -->
<testsuite hostname="macpcaim00047.local" name="Appium-Run3" tests="1" failures="1" timestamp="16 May 2017 11:17:38 GMT" time="88.716" errors="0">
  <testcase name="playVOD" time="34.515" classname="com.mop.qa.test.bvt.PlayVod">
    <failure type="java.lang.IllegalArgumentException" message="Cannot find elements with a null id attribute.">
      <![CDATA[java.lang.IllegalArgumentException: Cannot find elements with a null id attribute.
	at org.openqa.selenium.By.id(By.java:53)
	at com.mop.qa.pageobject.CommonFunctions.selectConfig(CommonFunctions.java:125)
	at com.mop.qa.pageobject.PlayBackFunctions.playVOD(PlayBackFunctions.java:167)
	at com.mop.qa.test.bvt.PlayVod.playVOD(PlayVod.java:17)
	at com.mop.qa.testrunner.TestRunner.test(TestRunner.java:53)
... Removed 45 stack frames]]>
    </failure>
  </testcase> <!-- playVOD -->
</testsuite> <!-- Appium-Run3 -->
