<?xml version="1.0" encoding="UTF-8"?>
<!-- Generated by org.testng.reporters.JUnitXMLReporter -->
<testsuite hostname="PC223295" name="ClickAction-Run1" tests="1" failures="1" timestamp="12 Sep 2017 17:03:00 GMT" time="3.404" errors="0">
  <testcase name="EndCard_OutcomeTest" time="3.378" classname="com.mop.qa.test.bvt.Click_Action1">
    <failure type="java.lang.Exception">
      <![CDATA[java.lang.Exception
	at com.mop.qa.pageobject.Mixpanel.ValidateEvent(Mixpanel.java:178)
	at com.mop.qa.pageobject.Mixpanel.head(Mixpanel.java:78)
	at com.mop.qa.test.bvt.Click_Action1.EndCard_OutcomeTest(Click_Action1.java:19)
	at com.mop.qa.testrunner.TestRunner.test(TestRunner.java:57)
... Removed 45 stack frames]]>
    </failure>
  </testcase> <!-- EndCard_OutcomeTest -->
</testsuite> <!-- ClickAction-Run1 -->
