<?xml version="1.0" encoding="UTF-8"?>
<!-- Generated by org.testng.reporters.JUnitXMLReporter -->
<testsuite hostname="PC223295" name="ClickAction-Run1-Run1" tests="1" failures="1" timestamp="21 Aug 2017 13:02:33 GMT" time="0.209" errors="0">
  <testcase name="EndCard_OutcomeTest" time="0.162" classname="com.mop.qa.test.bvt.ClickAction">
    <failure type="java.lang.NullPointerException">
      <![CDATA[java.lang.NullPointerException
	at java.lang.String.contains(Unknown Source)
	at com.mop.qa.pageobject.Mixpanel.Eventcheck(Mixpanel.java:266)
	at com.mop.qa.pageobject.Mixpanel.ValidateEvent(Mixpanel.java:105)
	at com.mop.qa.pageobject.Mixpanel.head(Mixpanel.java:82)
	at com.mop.qa.test.bvt.ClickAction.EndCard_OutcomeTest(ClickAction.java:19)
	at com.mop.qa.testrunner.TestRunner.test(TestRunner.java:57)
... Removed 45 stack frames]]>
    </failure>
  </testcase> <!-- EndCard_OutcomeTest -->
</testsuite> <!-- ClickAction-Run1-Run1 -->
