<?xml version="1.0" encoding="UTF-8"?>
<!-- Generated by org.testng.reporters.JUnitXMLReporter -->
<testsuite hostname="LTUS34293" name="ClickAction_CustomShelf-Run1" tests="1" failures="1" timestamp="4 Dec 2017 22:34:32 GMT" time="20.174" errors="0">
  <testcase name="Click_ActionTest" time="20.149" classname="com.mop.qa.test.bvt.ClickAction_CustomShelf">
    <failure type="java.lang.NullPointerException">
      <![CDATA[java.lang.NullPointerException
	at com.mop.qa.testbase.PageBase.getColumValues(PageBase.java:2116)
	at com.mop.qa.pageobject.Mixpanel.WebValidation(Mixpanel.java:610)
	at com.mop.qa.pageobject.Mixpanel.ValidateEvent(Mixpanel.java:120)
	at com.mop.qa.pageobject.Mixpanel.head(Mixpanel.java:45)
	at com.mop.qa.test.bvt.ClickAction_CustomShelf.Click_ActionTest(ClickAction_CustomShelf.java:21)
	at com.mop.qa.testrunner.TestRunner.test(TestRunner.java:57)
... Removed 45 stack frames]]>
    </failure>
  </testcase> <!-- Click_ActionTest -->
</testsuite> <!-- ClickAction_CustomShelf-Run1 -->
