<?xml version="1.0" encoding="UTF-8"?>
<!-- Generated by org.testng.reporters.JUnitXMLReporter -->
<testsuite hostname="LTUS34293" name="ClickAction_ShowHomePage-Run1" tests="1" failures="1" timestamp="21 Dec 2017 19:57:49 GMT" time="20.313" errors="0">
  <testcase name="Click_ActionTest" time="20.258" classname="com.mop.qa.test.bvt.ClickAction_ShowHomePage">
    <failure type="java.lang.Exception">
      <![CDATA[java.lang.Exception
	at com.mop.qa.pageobject.Mixpanel2.ValidateEvent(Mixpanel2.java:196)
	at com.mop.qa.pageobject.Mixpanel2.head(Mixpanel2.java:79)
	at com.mop.qa.test.bvt.ClickAction_ShowHomePage.Click_ActionTest(ClickAction_ShowHomePage.java:21)
	at com.mop.qa.testrunner.TestRunner.test(TestRunner.java:57)
... Removed 45 stack frames]]>
    </failure>
  </testcase> <!-- Click_ActionTest -->
</testsuite> <!-- ClickAction_ShowHomePage-Run1 -->
