<?xml version="1.0" encoding="UTF-8"?>
<!-- Generated by org.testng.reporters.JUnitXMLReporter -->
<testsuite hostname="macpcaim00047.local" name="ComscoreAnalytics" tests="1" failures="1" timestamp="9 May 2017 11:04:14 GMT" time="18.232" errors="0">
  <testcase name="test" time="0.265" classname="com.mop.qa.test.bvt.ComscoreAnalytics">
    <failure type="java.lang.NullPointerException">
      <![CDATA[java.lang.NullPointerException
	at com.mop.qa.Utilities.CharlesJSONParser.getTheNewestFile(CharlesJSONParser.java:120)
	at com.mop.qa.Utilities.MobileExtractor.xmlParser(MobileExtractor.java:444)
	at com.mop.qa.pageobject.ComscoreFeature.comscoreAppLaunch(ComscoreFeature.java:41)
	at com.mop.qa.test.bvt.ComscoreAnalytics.test(ComscoreAnalytics.java:16)
	at com.mop.qa.testrunner.TestRunner.test(TestRunner.java:52)
... Removed 45 stack frames]]>
    </failure>
  </testcase> <!-- test -->
</testsuite> <!-- ComscoreAnalytics -->
