<?xml version="1.0" encoding="UTF-8"?>
<!-- Generated by org.testng.reporters.JUnitXMLReporter -->
<testsuite hostname="macpcaim00047.local" name="ConfigAPICall-Run2" tests="1" failures="1" timestamp="18 May 2017 12:12:19 GMT" time="65.848" errors="0">
  <testcase name="getConfigAPIResponse" time="53.466" classname="com.mop.qa.test.bvt.ConfigAPICall">
    <failure type="java.lang.NullPointerException">
      <![CDATA[java.lang.NullPointerException
	at com.mop.qa.testbase.PageBase.getColumValues(PageBase.java:2042)
	at com.mop.qa.pageobject.APICallsResponse.getAnvackKeys(APICallsResponse.java:37)
	at com.mop.qa.test.bvt.ConfigAPICall.getConfigAPIResponse(ConfigAPICall.java:21)
	at com.mop.qa.testrunner.TestRunner.test(TestRunner.java:54)
... Removed 45 stack frames]]>
    </failure>
  </testcase> <!-- getConfigAPIResponse -->
</testsuite> <!-- ConfigAPICall-Run2 -->
