<?xml version="1.0" encoding="UTF-8"?>
<!-- Generated by org.testng.reporters.JUnitXMLReporter -->
<testsuite hostname="PC223295" name="HBAnalyticCalls-Run1" tests="1" failures="1" timestamp="11 Jul 2017 09:37:58 GMT" time="0.953" errors="0">
  <testcase name="playVOD" time="0.296" classname="com.mop.qa.test.bvt.HBAnalyticCalls">
    <failure type="java.lang.NullPointerException">
      <![CDATA[java.lang.NullPointerException
	at com.mop.qa.Utilities.ReportGenerator.logException(ReportGenerator.java:219)
	at com.mop.qa.testbase.PageBase.waitForVisibilityOfElement(PageBase.java:1916)
	at com.mop.qa.pageobject.CommonFunctions.selectConfig(CommonFunctions.java:146)
	at com.mop.qa.pageobject.HBFeatures.HBValidation(HBFeatures.java:211)
	at com.mop.qa.test.bvt.HBAnalyticCalls.playVOD(HBAnalyticCalls.java:28)
	at com.mop.qa.testrunner.TestRunner.test(TestRunner.java:56)
... Removed 45 stack frames]]>
    </failure>
  </testcase> <!-- playVOD -->
</testsuite> <!-- HBAnalyticCalls-Run1 -->
