<?xml version="1.0" encoding="UTF-8"?>
<!-- Generated by org.testng.reporters.JUnitXMLReporter -->
<testsuite hostname="macpcaim00047.local" name="HBAnalyticCalls-Run2" tests="1" failures="1" timestamp="30 May 2017 19:31:01 GMT" time="190.056" errors="0">
  <testcase name="@AfterMethod afterMethod" time="0.0" classname="com.mop.qa.test.bvt.HBAnalyticCalls">
    <failure type="org.openqa.selenium.remote.SessionNotFoundException" message="
Command duration or timeout: 13 milliseconds
Build info: version: &amp;apos;2.53.1&amp;apos;, revision: &amp;apos;a36b8b1cd5757287168e54b817830adce9b0158d&amp;apos;, time: &amp;apos;2016-06-30 19:26:09&amp;apos;
System info: host: &amp;apos;macpcaim00047.local&amp;apos;, ip: &amp;apos;10.61.143.199&amp;apos;, os.name: &amp;apos;Mac OS X&amp;apos;, os.arch: &amp;apos;x86_64&amp;apos;, os.version: &amp;apos;10.11.6&amp;apos;, java.version: &amp;apos;1.7.0_79&amp;apos;
Session ID: 9f4c5f5b-6fd5-49f1-8003-507e4847199c
Driver info: io.appium.java_client.android.AndroidDriver
Capabilities [{platform=LINUX, app=/Users/557743/Desktop/USA/Binaries/android.apk, acceptSslCerts=true, javascriptEnabled=true, appActivity=com.nbcuni.cloudpath.app.MainActivity, browserName=Android, networkConnectionEnabled=true, desired={newCommandTimeout=100000, platformVersion=5.0, app=/Users/557743/Desktop/USA/Binaries/android.apk, acceptSslCerts=true, deviceName=4d00653c5677a0b3, platformName=Android, appActivity=com.nbcuni.cloudpath.app.MainActivity, appium-version=1.0, proxy=null, appPackage=com.nbcuni.cloudpath.prod}, locationContextEnabled=false, appPackage=com.nbcuni.cloudpath.prod, newCommandTimeout=100000, platformVersion=5.0, databaseEnabled=false, deviceName=4d00653c5677a0b3, platformName=Android, appium-version=1.0, proxy=null, webStorageEnabled=false, warnings={}, takesScreenshot=true}]">
      <![CDATA[org.openqa.selenium.remote.SessionNotFoundException: 
Command duration or timeout: 13 milliseconds
Build info: version: '2.53.1', revision: 'a36b8b1cd5757287168e54b817830adce9b0158d', time: '2016-06-30 19:26:09'
System info: host: 'macpcaim00047.local', ip: '10.61.143.199', os.name: 'Mac OS X', os.arch: 'x86_64', os.version: '10.11.6', java.version: '1.7.0_79'
Session ID: 9f4c5f5b-6fd5-49f1-8003-507e4847199c
Driver info: io.appium.java_client.android.AndroidDriver
Capabilities [{platform=LINUX, app=/Users/557743/Desktop/USA/Binaries/android.apk, acceptSslCerts=true, javascriptEnabled=true, appActivity=com.nbcuni.cloudpath.app.MainActivity, browserName=Android, networkConnectionEnabled=true, desired={newCommandTimeout=100000, platformVersion=5.0, app=/Users/557743/Desktop/USA/Binaries/android.apk, acceptSslCerts=true, deviceName=4d00653c5677a0b3, platformName=Android, appActivity=com.nbcuni.cloudpath.app.MainActivity, appium-version=1.0, proxy=null, appPackage=com.nbcuni.cloudpath.prod}, locationContextEnabled=false, appPackage=com.nbcuni.cloudpath.prod, newCommandTimeout=100000, platformVersion=5.0, databaseEnabled=false, deviceName=4d00653c5677a0b3, platformName=Android, appium-version=1.0, proxy=null, webStorageEnabled=false, warnings={}, takesScreenshot=true}]
	at org.openqa.selenium.remote.ErrorHandler.createThrowable(ErrorHandler.java:206)
	at org.openqa.selenium.remote.ErrorHandler.throwIfResponseFailed(ErrorHandler.java:158)
	at org.openqa.selenium.remote.RemoteWebDriver.execute(RemoteWebDriver.java:678)
	at io.appium.java_client.DefaultGenericMobileDriver.execute(DefaultGenericMobileDriver.java:42)
	at io.appium.java_client.AppiumDriver.execute(AppiumDriver.java:189)
	at org.openqa.selenium.remote.RemoteWebDriver.quit(RemoteWebDriver.java:526)
	at com.mop.qa.testbase.TestBase.afterMethod(TestBase.java:204)
	at com.mop.qa.testrunner.TestRunner.test(TestRunner.java:55)
... Removed 55 stack frames]]>
    </failure>
  </testcase> <!-- @AfterMethod afterMethod -->
  <testcase name="@AfterClass teardown" time="0.0" classname="com.mop.qa.test.bvt.HBAnalyticCalls">
    <skipped/>
  </testcase> <!-- @AfterClass teardown -->
  <testcase name="playVOD" time="158.314" classname="com.mop.qa.test.bvt.HBAnalyticCalls">
    <failure type="java.lang.NullPointerException">
      <![CDATA[java.lang.NullPointerException
	at com.mop.qa.Utilities.ReportGenerator.logException(ReportGenerator.java:219)
	at com.mop.qa.testbase.PageBase.click(PageBase.java:655)
	at com.mop.qa.pageobject.CommonFunctions.getHarnessLog(CommonFunctions.java:257)
	at com.mop.qa.pageobject.HBFeatures.HBValidation(HBFeatures.java:221)
	at com.mop.qa.test.bvt.HBAnalyticCalls.playVOD(HBAnalyticCalls.java:28)
	at com.mop.qa.testrunner.TestRunner.test(TestRunner.java:55)
... Removed 49 stack frames]]>
    </failure>
  </testcase> <!-- playVOD -->
</testsuite> <!-- HBAnalyticCalls-Run2 -->
