<?xml version="1.0" encoding="UTF-8"?>
<!-- Generated by org.testng.reporters.JUnitXMLReporter -->
<testsuite hostname="PC223295" name="Linear_End-Run1-Run1" tests="1" failures="1" timestamp="30 Aug 2017 12:49:02 GMT" time="0.118" errors="0">
  <testcase name="EndCard_OutcomeTest" time="0.083" classname="com.mop.qa.test.bvt.Linear_End">
    <failure type="java.lang.NullPointerException">
      <![CDATA[java.lang.NullPointerException
	at java.lang.String.contains(Unknown Source)
	at com.mop.qa.pageobject.Mixpanel.Eventcheck(Mixpanel.java:267)
	at com.mop.qa.pageobject.Mixpanel.ValidateEvent(Mixpanel.java:105)
	at com.mop.qa.pageobject.Mixpanel.head(Mixpanel.java:82)
	at com.mop.qa.test.bvt.Linear_End.EndCard_OutcomeTest(Linear_End.java:19)
	at com.mop.qa.testrunner.TestRunner.test(TestRunner.java:57)
... Removed 45 stack frames]]>
    </failure>
  </testcase> <!-- EndCard_OutcomeTest -->
</testsuite> <!-- Linear_End-Run1-Run1 -->
