<?xml version="1.0" encoding="UTF-8"?>
<!-- Generated by org.testng.reporters.JUnitXMLReporter -->
<testsuite hostname="LTUS34293" name="NBC_Authentication_Success_Facebook-Run1" tests="1" failures="1" timestamp="30 Nov 2017 22:19:54 GMT" time="0.186" errors="0">
  <testcase name="Launchtest" time="0.159" classname="com.mop.qa.test.bvt.NBC_Authentication_Success_Facebook">
    <failure type="java.lang.NullPointerException">
      <![CDATA[java.lang.NullPointerException
	at java.lang.String.contains(String.java:2133)
	at com.mop.qa.pageobject.Mixpanel.Eventcheck(Mixpanel.java:562)
	at com.mop.qa.pageobject.Mixpanel.ValidateEvent(Mixpanel.java:59)
	at com.mop.qa.pageobject.Mixpanel.head(Mixpanel.java:45)
	at com.mop.qa.test.bvt.NBC_Authentication_Success_Facebook.Launchtest(NBC_Authentication_Success_Facebook.java:19)
	at com.mop.qa.testrunner.TestRunner.test(TestRunner.java:57)
... Removed 45 stack frames]]>
    </failure>
  </testcase> <!-- Launchtest -->
</testsuite> <!-- NBC_Authentication_Success_Facebook-Run1 -->
