<?xml version="1.0" encoding="UTF-8"?>
<!-- Generated by org.testng.reporters.JUnitXMLReporter -->
<testsuite hostname="LTUS34293" name="Page_Load_NoCreditsLeft-Run1" tests="1" failures="1" timestamp="8 Dec 2017 00:25:29 GMT" time="40.809" errors="0">
  <testcase name="PageLoadshowTest" time="40.775" classname="com.mop.qa.test.bvt.Page_Load_NoCreditsLeft">
    <failure type="java.lang.Exception">
      <![CDATA[java.lang.Exception
	at com.mop.qa.pageobject.Mixpanel.ValidateEvent(Mixpanel.java:179)
	at com.mop.qa.pageobject.Mixpanel.head(Mixpanel.java:79)
	at com.mop.qa.test.bvt.Page_Load_NoCreditsLeft.PageLoadshowTest(Page_Load_NoCreditsLeft.java:23)
	at com.mop.qa.testrunner.TestRunner.test(TestRunner.java:57)
... Removed 45 stack frames]]>
    </failure>
  </testcase> <!-- PageLoadshowTest -->
</testsuite> <!-- Page_Load_NoCreditsLeft-Run1 -->
