<?xml version="1.0" encoding="UTF-8"?>
<!-- Generated by org.testng.reporters.JUnitXMLReporter -->
<testsuite hostname="LTUS34293" name="Page_Load_LinkProviderBridge-Run1" tests="1" failures="1" timestamp="4 Dec 2017 22:30:53 GMT" time="41.386" errors="0">
  <testcase name="PageLoadshowTest" time="41.331" classname="com.mop.qa.test.bvt.Page_Load_LinkProviderBridge">
    <failure type="java.lang.Exception">
      <![CDATA[java.lang.Exception
	at com.mop.qa.pageobject.Mixpanel.ValidateEvent(Mixpanel.java:149)
	at com.mop.qa.pageobject.Mixpanel.head(Mixpanel.java:45)
	at com.mop.qa.test.bvt.Page_Load_LinkProviderBridge.PageLoadshowTest(Page_Load_LinkProviderBridge.java:22)
	at com.mop.qa.testrunner.TestRunner.test(TestRunner.java:57)
... Removed 45 stack frames]]>
    </failure>
  </testcase> <!-- PageLoadshowTest -->
</testsuite> <!-- Page_Load_LinkProviderBridge-Run1 -->
