<?xml version="1.0" encoding="UTF-8"?>
<!-- Generated by org.testng.reporters.JUnitXMLReporter -->
<testsuite hostname="LTUS34293" name="Page_Load_Registration-Run1" tests="1" failures="1" timestamp="4 Dec 2017 22:33:50 GMT" time="19.094" errors="0">
  <testcase name="PageLoadshowTest" time="19.058" classname="com.mop.qa.test.bvt.Page_Load_Registration">
    <failure type="java.lang.NullPointerException">
      <![CDATA[java.lang.NullPointerException
	at com.mop.qa.testbase.PageBase.getColumValues(PageBase.java:2116)
	at com.mop.qa.pageobject.Mixpanel.WebValidation(Mixpanel.java:610)
	at com.mop.qa.pageobject.Mixpanel.ValidateEvent(Mixpanel.java:120)
	at com.mop.qa.pageobject.Mixpanel.head(Mixpanel.java:45)
	at com.mop.qa.test.bvt.Page_Load_Registration.PageLoadshowTest(Page_Load_Registration.java:22)
	at com.mop.qa.testrunner.TestRunner.test(TestRunner.java:57)
... Removed 45 stack frames]]>
    </failure>
  </testcase> <!-- PageLoadshowTest -->
</testsuite> <!-- Page_Load_Registration-Run1 -->
