<?xml version="1.0" encoding="UTF-8"?>
<!-- Generated by org.testng.reporters.JUnitXMLReporter -->
<testsuite hostname="LTUS34293" name="Page_Load_MVPDPickerFullList-Run1" tests="1" failures="1" timestamp="25 Dec 2017 01:57:35 GMT" time="21.569" errors="0">
  <testcase name="PageLoadshowTest" time="21.517" classname="com.mop.qa.test.bvt.Page_Load_MVPDPickerFullList">
    <failure type="java.lang.Exception">
      <![CDATA[java.lang.Exception
	at com.mop.qa.pageobject.Mixpanel2.ValidateEvent(Mixpanel2.java:196)
	at com.mop.qa.pageobject.Mixpanel2.head(Mixpanel2.java:79)
	at com.mop.qa.test.bvt.Page_Load_MVPDPickerFullList.PageLoadshowTest(Page_Load_MVPDPickerFullList.java:22)
	at com.mop.qa.testrunner.TestRunner.test(TestRunner.java:57)
... Removed 45 stack frames]]>
    </failure>
  </testcase> <!-- PageLoadshowTest -->
</testsuite> <!-- Page_Load_MVPDPickerFullList-Run1 -->
