<?xml version="1.0" encoding="UTF-8"?>
<!-- Generated by org.testng.reporters.JUnitXMLReporter -->
<testsuite hostname="LTUS34293" name="Page_Load_favorites-Run1" tests="1" failures="1" timestamp="21 Dec 2017 19:03:09 GMT" time="23.858" errors="0">
  <testcase name="PageLoadshowTest" time="23.802" classname="com.mop.qa.test.bvt.Page_Load_favorites">
    <failure type="java.lang.Exception">
      <![CDATA[java.lang.Exception
	at com.mop.qa.pageobject.Mixpanel2.ValidateEvent(Mixpanel2.java:181)
	at com.mop.qa.pageobject.Mixpanel2.head(Mixpanel2.java:79)
	at com.mop.qa.test.bvt.Page_Load_favorites.PageLoadshowTest(Page_Load_favorites.java:23)
	at com.mop.qa.testrunner.TestRunner.test(TestRunner.java:57)
... Removed 45 stack frames]]>
    </failure>
  </testcase> <!-- PageLoadshowTest -->
</testsuite> <!-- Page_Load_favorites-Run1 -->
