<?xml version="1.0" encoding="UTF-8"?>
<!-- Generated by org.testng.reporters.JUnitXMLReporter -->
<testsuite hostname="PC223295" name="Page_Load_Show_Home_Page1-Run1" tests="1" failures="1" timestamp="17 Jul 2017 12:30:35 GMT" time="54.286" errors="0">
  <testcase name="PageLoadshowTest" time="27.46" classname="com.mop.qa.test.bvt.Page_Load_Show_Home_Page1">
    <failure type="java.lang.ArrayIndexOutOfBoundsException" message="2">
      <![CDATA[java.lang.ArrayIndexOutOfBoundsException: 2
	at com.mop.qa.pageobject.Page_Load_Show_Home_Page.openEvent(Page_Load_Show_Home_Page.java:132)
	at com.mop.qa.pageobject.Page_Load_Show_Home_Page.head(Page_Load_Show_Home_Page.java:110)
	at com.mop.qa.test.bvt.Page_Load_Show_Home_Page1.PageLoadshowTest(Page_Load_Show_Home_Page1.java:21)
	at com.mop.qa.testrunner.TestRunner.test(TestRunner.java:56)
... Removed 45 stack frames]]>
    </failure>
  </testcase> <!-- PageLoadshowTest -->
</testsuite> <!-- Page_Load_Show_Home_Page1-Run1 -->
