<?xml version="1.0" encoding="UTF-8"?>
<!-- Generated by org.testng.reporters.JUnitXMLReporter -->
<testsuite hostname="macpcaim00047.local" name="PlayVod" tests="1" failures="1" timestamp="17 May 2017 12:32:46 GMT" time="43.67" errors="0">
  <testcase name="playVOD" time="30.414" classname="com.mop.qa.test.bvt.PlayVod">
    <failure type="java.lang.IllegalArgumentException" message="Cannot find elements with a null id attribute.">
      <![CDATA[java.lang.IllegalArgumentException: Cannot find elements with a null id attribute.
	at org.openqa.selenium.By.id(By.java:53)
	at com.mop.qa.pageobject.CommonFunctions.selectConfig(CommonFunctions.java:131)
	at com.mop.qa.pageobject.PlayBackFunctions.playVOD(PlayBackFunctions.java:161)
	at com.mop.qa.test.bvt.PlayVod.playVOD(PlayVod.java:26)
	at com.mop.qa.testrunner.TestRunner.test(TestRunner.java:54)
... Removed 45 stack frames]]>
    </failure>
  </testcase> <!-- playVOD -->
</testsuite> <!-- PlayVod -->
