<?xml version="1.0" encoding="UTF-8"?>
<!-- Generated by org.testng.reporters.JUnitXMLReporter -->
<testsuite hostname="macpcaim00047.local" name="PlayVod-Run2" tests="1" failures="1" timestamp="18 May 2017 12:08:03 GMT" time="3.092" errors="0">
  <testcase name="playVOD" time="3.036" classname="com.mop.qa.test.bvt.PlayVod">
    <failure type="java.lang.NullPointerException">
      <![CDATA[java.lang.NullPointerException
	at com.mop.qa.Utilities.ReportGenerator.logException(ReportGenerator.java:219)
	at com.mop.qa.testbase.PageBase.click(PageBase.java:650)
	at com.mop.qa.pageobject.CommonFunctions.selectConfig(CommonFunctions.java:132)
	at com.mop.qa.pageobject.PlayBackFunctions.playVOD(PlayBackFunctions.java:169)
	at com.mop.qa.test.bvt.PlayVod.playVOD(PlayVod.java:26)
	at com.mop.qa.testrunner.TestRunner.test(TestRunner.java:54)
... Removed 45 stack frames]]>
    </failure>
  </testcase> <!-- playVOD -->
</testsuite> <!-- PlayVod-Run2 -->
