<?xml version="1.0" encoding="UTF-8"?>
<!-- Generated by org.testng.reporters.JUnitXMLReporter -->
<testsuite hostname="macpcaim00047.local" name="SelectConfig-Run2" tests="1" failures="0" timestamp="26 May 2017 14:53:59 GMT" time="77.804" errors="0">
  <testcase name="@AfterMethod afterMethod" time="0.0" classname="com.mop.qa.test.bvt.SelectConfig">
    <failure type="java.lang.IllegalStateException" message="Proxy server is already stopped. Cannot re-stop.">
      <![CDATA[java.lang.IllegalStateException: Proxy server is already stopped. Cannot re-stop.
	at net.lightbody.bmp.BrowserMobProxyServer.stop(BrowserMobProxyServer.java:417)
	at net.lightbody.bmp.BrowserMobProxyServer.abort(BrowserMobProxyServer.java:401)
	at com.mop.qa.testbase.TestBase.afterMethod(TestBase.java:193)
	at com.mop.qa.testrunner.TestRunner.test(TestRunner.java:54)
... Removed 47 stack frames]]>
    </failure>
  </testcase> <!-- @AfterMethod afterMethod -->
  <testcase name="@AfterClass teardown" time="0.0" classname="com.mop.qa.test.bvt.SelectConfig">
    <skipped/>
  </testcase> <!-- @AfterClass teardown -->
  <testcase name="playVOD" time="50.643" classname="com.mop.qa.test.bvt.SelectConfig"/>
</testsuite> <!-- SelectConfig-Run2 -->
