<?xml version="1.0" encoding="UTF-8"?>
<!-- Generated by org.testng.reporters.JUnitXMLReporter -->
<testsuite hostname="LTUS34293" name="Session_End1-Run1" tests="1" failures="1" timestamp="25 Dec 2017 02:02:05 GMT" time="10.794" errors="0">
  <testcase name="Click_ActionTest" time="10.748" classname="com.mop.qa.test.bvt.Session_End1">
    <failure type="java.lang.Exception">
      <![CDATA[java.lang.Exception
	at com.mop.qa.pageobject.Mixpanel2.ValidateEvent(Mixpanel2.java:196)
	at com.mop.qa.pageobject.Mixpanel2.head(Mixpanel2.java:79)
	at com.mop.qa.test.bvt.Session_End1.Click_ActionTest(Session_End1.java:21)
	at com.mop.qa.testrunner.TestRunner.test(TestRunner.java:57)
... Removed 45 stack frames]]>
    </failure>
  </testcase> <!-- Click_ActionTest -->
</testsuite> <!-- Session_End1-Run1 -->
