<?xml version="1.0" encoding="UTF-8"?>
<!-- Generated by org.testng.reporters.JUnitXMLReporter -->
<testsuite hostname="W7-VDI-WDW1224" name="TestMaximoMixedpriorityPMwowithAssetQualificationsSSoEPage" tests="1" failures="0" timestamp="17 Jun 2016 13:39:30 GMT" time="129.794" errors="0">
  <testcase name="testJobPlanPage" time="129.792" classname="com.mop.qa.test.bvt.TestMaximoMixedpriorityPMwowithAssetQualificationsSSoEPage"/>
</testsuite> <!-- TestMaximoMixedpriorityPMwowithAssetQualificationsSSoEPage -->
