<?xml version="1.0" encoding="UTF-8"?>
<!-- Generated by org.testng.reporters.JUnitXMLReporter -->
<testsuite hostname="PC143191" name="Test_HMH" tests="1" failures="1" timestamp="24 Jun 2016 13:19:42 GMT" time="191.886" errors="0">
  <testcase name="testContentQAPOC" time="187.693" classname="com.mop.qa.test.bvt.Test_ContentQA_POC">
    <failure type="junit.framework.AssertionFailedError" message="Annotation has been deleted.">
      <![CDATA[junit.framework.AssertionFailedError: Annotation has been deleted.
	at com.mop.qa.Utilities.ReportGenerator.failTestCase(ReportGenerator.java:201)
	at com.mop.qa.testbase.PageBase.assertTrue(PageBase.java:1588)
	at com.mop.qa.pageobject.StudentEBookPage.verifyAnnotationHasDeleted(StudentEBookPage.java:267)
	at com.mop.qa.pageobject.StudentEBookPage.deleteVerifyIfAnnotationDeleted(StudentEBookPage.java:306)
	at com.mop.qa.test.bvt.Test_ContentQA_POC.testContentQAPOC(Test_ContentQA_POC.java:41)
	at com.mop.qa.testrunner.TestRunner.main(TestRunner.java:83)
... Removed 21 stack frames]]>
    </failure>
  </testcase> <!-- testContentQAPOC -->
</testsuite> <!-- Test_HMH -->
