<?xml version="1.0" encoding="UTF-8"?>
<!-- Generated by org.testng.reporters.JUnitXMLReporter -->
<testsuite hostname="W7-VDI-WDW1224" name="TestMaximoMixedpriorityPMwowithAssetQualificationsCalibratedToolPage" tests="1" failures="0" timestamp="17 Jun 2016 13:41:43 GMT" time="132.511" errors="0">
  <testcase name="testJobPlanPage" time="132.51" classname="com.mop.qa.test.bvt.TestMaximoMixedpriorityPMwowithAssetQualificationsCalibratedToolPage"/>
</testsuite> <!-- TestMaximoMixedpriorityPMwowithAssetQualificationsCalibratedToolPage -->
