<?xml version="1.0" encoding="UTF-8"?>
<!-- Generated by org.testng.reporters.JUnitXMLReporter -->
<testsuite hostname="W7-VDI-WDW1224" name="TestMaximoLoginPage" tests="1" failures="1" timestamp="21 Jun 2016 04:09:20 GMT" time="37.022" errors="0">
  <testcase name="testLoginPage" time="33.432" classname="com.mop.qa.test.bvt.TestMaximoLoginPage">
    <failure type="junit.framework.AssertionFailedError" message="Enter text failedjava.lang.NullPointerException">
      <![CDATA[junit.framework.AssertionFailedError: Enter text failedjava.lang.NullPointerException
	at com.mop.qa.Utilities.ReportGenerator.logException(ReportGenerator.java:244)
	at com.mop.qa.testbase.PageBase.enterText(PageBase.java:880)
	at com.mop.qa.pageobject.MaximoLoginPage.login(MaximoLoginPage.java:35)
	at com.mop.qa.test.bvt.TestMaximoLoginPage.testLoginPage(TestMaximoLoginPage.java:23)
	at com.mop.qa.testrunner.TestRunner.testRunner(TestRunner.java:96)
... Removed 49 stack frames]]>
    </failure>
  </testcase> <!-- testLoginPage -->
</testsuite> <!-- TestMaximoLoginPage -->
