<?xml version="1.0" encoding="UTF-8"?>
<!-- Generated by org.testng.reporters.JUnitXMLReporter -->
<testsuite hostname="W7-VDI-WDW1224" name="TestMaximoMixedpriorityPMwowithAssetQualificationsPage" tests="1" failures="0" timestamp="17 Jun 2016 13:37:20 GMT" time="125.804" errors="0">
  <testcase name="testJobPlanPage" time="125.801" classname="com.mop.qa.test.bvt.TestMaximoMixedpriorityPMwowithAssetQualificationsPage"/>
</testsuite> <!-- TestMaximoMixedpriorityPMwowithAssetQualificationsPage -->
