<?xml version="1.0" encoding="UTF-8"?>
<!-- Generated by org.testng.reporters.JUnitXMLReporter -->
<testsuite hostname="PC143191" name="ValidatePDFContent" tests="1" failures="1" timestamp="14 Jul 2016 11:27:45 GMT" time="53.802" errors="0">
  <testcase name="testPDF" time="5.527" classname="com.mop.qa.test.bvt.ValidatePDFContent">
    <failure type="junit.framework.AssertionFailedError" message="Enter text failedjava.lang.NullPointerException">
      <![CDATA[junit.framework.AssertionFailedError: Enter text failedjava.lang.NullPointerException
	at com.mop.qa.Utilities.ReportGenerator.logException(ReportGenerator.java:288)
	at com.mop.qa.testbase.PageBase.enterText(PageBase.java:1096)
	at com.mop.qa.pageobject.HMHDashboardPage.loginApp(HMHDashboardPage.java:95)
	at com.mop.qa.test.bvt.ValidatePDFContent.testPDF(ValidatePDFContent.java:35)
	at com.mop.qa.testrunner.TestRunner.test(TestRunner.java:86)
... Removed 49 stack frames]]>
    </failure>
  </testcase> <!-- testPDF -->
</testsuite> <!-- ValidatePDFContent -->
