<?xml version="1.0" encoding="UTF-8"?>
<!-- Generated by org.testng.reporters.JUnitXMLReporter -->
<testsuite hostname="PC143191" name="VerifyTOCContent" tests="1" failures="1" timestamp="19 Jul 2016 07:10:15 GMT" time="153.801" errors="0">
  <testcase name="testContentQAPOC" time="129.565" classname="com.mop.qa.test.bvt.VerifyTOCContent">
    <failure type="junit.framework.AssertionFailedError" message="Enter text failedorg.openqa.selenium.TimeoutException: Timed out after 60 seconds waiting for visibility of Proxy element for: DefaultElementLocator &amp;apos;By.id: Username&amp;apos;
Build info: version: &amp;apos;2.53.1&amp;apos;, revision: &amp;apos;a36b8b1cd5757287168e54b817830adce9b0158d&amp;apos;, time: &amp;apos;2016-06-30 19:26:09&amp;apos;
System info: host: &amp;apos;PC143191&amp;apos;, ip: &amp;apos;10.242.193.109&amp;apos;, os.name: &amp;apos;Windows 7&amp;apos;, os.arch: &amp;apos;x86&amp;apos;, os.version: &amp;apos;6.1&amp;apos;, java.version: &amp;apos;1.8.0_91&amp;apos;
Driver info: org.openqa.selenium.firefox.FirefoxDriver
Capabilities [{applicationCacheEnabled=true, rotatable=false, handlesAlerts=true, databaseEnabled=true, version=47.0.1, platform=WINDOWS, nativeEvents=false, acceptSslCerts=true, webStorageEnabled=true, locationContextEnabled=true, browserName=firefox, takesScreenshot=true, javascriptEnabled=true, cssSelectorsEnabled=true}]
Session ID: 9bd51c87-f031-4984-a629-0f337f53681a">
      <![CDATA[junit.framework.AssertionFailedError: Enter text failedorg.openqa.selenium.TimeoutException: Timed out after 60 seconds waiting for visibility of Proxy element for: DefaultElementLocator 'By.id: Username'
Build info: version: '2.53.1', revision: 'a36b8b1cd5757287168e54b817830adce9b0158d', time: '2016-06-30 19:26:09'
System info: host: 'PC143191', ip: '10.242.193.109', os.name: 'Windows 7', os.arch: 'x86', os.version: '6.1', java.version: '1.8.0_91'
Driver info: org.openqa.selenium.firefox.FirefoxDriver
Capabilities [{applicationCacheEnabled=true, rotatable=false, handlesAlerts=true, databaseEnabled=true, version=47.0.1, platform=WINDOWS, nativeEvents=false, acceptSslCerts=true, webStorageEnabled=true, locationContextEnabled=true, browserName=firefox, takesScreenshot=true, javascriptEnabled=true, cssSelectorsEnabled=true}]
Session ID: 9bd51c87-f031-4984-a629-0f337f53681a
	at com.mop.qa.Utilities.ReportGenerator.logException(ReportGenerator.java:288)
	at com.mop.qa.testbase.PageBase.enterText(PageBase.java:1099)
	at com.mop.qa.pageobject.HMHDashboardPage.loginApp(HMHDashboardPage.java:95)
	at com.mop.qa.test.bvt.VerifyTOCContent.testContentQAPOC(VerifyTOCContent.java:30)
	at com.mop.qa.testrunner.TestRunner.test(TestRunner.java:86)
... Removed 49 stack frames]]>
    </failure>
  </testcase> <!-- testContentQAPOC -->
</testsuite> <!-- VerifyTOCContent -->
