<?xml version="1.0" encoding="UTF-8"?>
<!-- Generated by org.testng.reporters.JUnitXMLReporter -->
<testsuite hostname="PC143191" name="VerifyTOCContentP" tests="1" failures="1" timestamp="8 Jul 2016 08:37:37 GMT" time="132.014" errors="0">
  <testcase name="testContentQAPOC" time="120.219" classname="com.mop.qa.test.bvt.VerifyTOCContentP">
    <failure type="junit.framework.AssertionFailedError" message="Verify the each TOC renders within 3 seconds">
      <![CDATA[junit.framework.AssertionFailedError: Verify the each TOC renders within 3 seconds
	at com.mop.qa.Utilities.ReportGenerator.failTestCase(ReportGenerator.java:244)
	at com.mop.qa.testbase.PageBase.assertTrue(PageBase.java:1754)
	at com.mop.qa.pageobject.StudentEBookPage.verifyRendersTimeForTOCItems(StudentEBookPage.java:325)
	at com.mop.qa.test.bvt.VerifyTOCContentP.testContentQAPOC(VerifyTOCContentP.java:38)
	at com.mop.qa.testrunner.TestRunner.test(TestRunner.java:86)
... Removed 49 stack frames]]>
    </failure>
  </testcase> <!-- testContentQAPOC -->
</testsuite> <!-- VerifyTOCContentP -->
