<?xml version="1.0" encoding="UTF-8"?>
<!-- Generated by org.testng.reporters.JUnitXMLReporter -->
<testsuite hostname="LTUS34293" name="Video_Start_SmartTile-Run1" tests="1" failures="1" timestamp="25 Dec 2017 03:50:50 GMT" time="111.743" errors="0">
  <testcase name="VideoStartTest" time="111.711" classname="com.mop.qa.test.bvt.Video_Start_SmartTile">
    <failure type="java.lang.NullPointerException">
      <![CDATA[java.lang.NullPointerException
	at com.mop.qa.pageobject.Mixpanel2.IsEventExists(Mixpanel2.java:469)
	at com.mop.qa.pageobject.Mixpanel2.ValidateEvent(Mixpanel2.java:157)
	at com.mop.qa.pageobject.Mixpanel2.head(Mixpanel2.java:79)
	at com.mop.qa.test.bvt.Video_Start_SmartTile.VideoStartTest(Video_Start_SmartTile.java:20)
	at com.mop.qa.testrunner.TestRunner.test(TestRunner.java:57)
... Removed 45 stack frames]]>
    </failure>
  </testcase> <!-- VideoStartTest -->
</testsuite> <!-- Video_Start_SmartTile-Run1 -->
