<?xml version="1.0" encoding="UTF-8"?>
<!-- Generated by org.testng.reporters.JUnitXMLReporter -->
<testsuite hostname="PC223295" name="Video_Start_DynamicLeadSlide-Run1-Run1" tests="1" failures="1" timestamp="21 Aug 2017 13:02:34 GMT" time="0.254" errors="0">
  <testcase name="Item_FavoritedTest" time="0.203" classname="com.mop.qa.test.bvt.Video_Start_DynamicLeadSlide">
    <failure type="java.lang.NullPointerException">
      <![CDATA[java.lang.NullPointerException
	at java.lang.String.contains(Unknown Source)
	at com.mop.qa.pageobject.Mixpanel.Eventcheck(Mixpanel.java:266)
	at com.mop.qa.pageobject.Mixpanel.ValidateEvent(Mixpanel.java:105)
	at com.mop.qa.pageobject.Mixpanel.head(Mixpanel.java:82)
	at com.mop.qa.test.bvt.Video_Start_DynamicLeadSlide.Item_FavoritedTest(Video_Start_DynamicLeadSlide.java:20)
	at com.mop.qa.testrunner.TestRunner.test(TestRunner.java:57)
... Removed 45 stack frames]]>
    </failure>
  </testcase> <!-- Item_FavoritedTest -->
</testsuite> <!-- Video_Start_DynamicLeadSlide-Run1-Run1 -->
