<?xml version="1.0" encoding="UTF-8"?>
<!-- Generated by org.testng.reporters.JUnitXMLReporter -->
<testsuite hostname="PC223295" name="VideoAdEnd-Run1-Run1" tests="1" failures="1" timestamp="18 Aug 2017 15:42:18 GMT" time="0.239" errors="0">
  <testcase name="PageLoadshowTest" time="0.188" classname="com.mop.qa.test.bvt.VideoAdEnd">
    <failure type="java.lang.NullPointerException">
      <![CDATA[java.lang.NullPointerException
	at java.lang.String.contains(Unknown Source)
	at com.mop.qa.pageobject.Mixpanel.Eventcheck(Mixpanel.java:264)
	at com.mop.qa.pageobject.Mixpanel.ValidateEvent(Mixpanel.java:105)
	at com.mop.qa.pageobject.Mixpanel.head(Mixpanel.java:82)
	at com.mop.qa.test.bvt.VideoAdEnd.PageLoadshowTest(VideoAdEnd.java:23)
	at com.mop.qa.testrunner.TestRunner.test(TestRunner.java:57)
... Removed 45 stack frames]]>
    </failure>
  </testcase> <!-- PageLoadshowTest -->
</testsuite> <!-- VideoAdEnd-Run1-Run1 -->
